CRITICAL - 2024-05-15 23:35:30 --> Constant FILTER_SANITIZE_STRING is deprecated
#0 C:\xampp\htdocs\toko-api-main\system\HTTP\CLIRequest.php(175): CodeIgniter\Debug\Exceptions->errorHandler(8192, 'Constant FILTER...', 'C:\\xampp\\htdocs...', 175)
#1 C:\xampp\htdocs\toko-api-main\system\HTTP\CLIRequest.php(67): CodeIgniter\HTTP\CLIRequest->parseCommand()
#2 C:\xampp\htdocs\toko-api-main\system\Config\Services.php(123): CodeIgniter\HTTP\CLIRequest->__construct(Object(Config\App))
#3 C:\xampp\htdocs\toko-api-main\system\Config\BaseService.php(248): CodeIgniter\Config\Services::clirequest(Object(Config\App), false)
#4 C:\xampp\htdocs\toko-api-main\system\Config\BaseService.php(189): CodeIgniter\Config\BaseService::__callStatic('clirequest', Array)
#5 C:\xampp\htdocs\toko-api-main\system\Config\Services.php(118): CodeIgniter\Config\BaseService::getSharedInstance('clirequest', Object(Config\App))
#6 C:\xampp\htdocs\toko-api-main\system\Config\BaseService.php(248): CodeIgniter\Config\Services::clirequest(Object(Config\App))
#7 C:\xampp\htdocs\toko-api-main\system\CodeIgniter.php(527): CodeIgniter\Config\BaseService::__callStatic('clirequest', Array)
#8 C:\xampp\htdocs\toko-api-main\system\CodeIgniter.php(292): CodeIgniter\CodeIgniter->getRequestObject()
#9 C:\xampp\htdocs\toko-api-main\system\CLI\Console.php(48): CodeIgniter\CodeIgniter->run()
#10 C:\xampp\htdocs\toko-api-main\spark(63): CodeIgniter\CLI\Console->run()
#11 {main}
CRITICAL - 2024-05-15 23:43:15 --> Constant FILTER_SANITIZE_STRING is deprecated
#0 C:\xampp\htdocs\toko-api-main\system\HTTP\CLIRequest.php(175): CodeIgniter\Debug\Exceptions->errorHandler(8192, 'Constant FILTER...', 'C:\\xampp\\htdocs...', 175)
#1 C:\xampp\htdocs\toko-api-main\system\HTTP\CLIRequest.php(67): CodeIgniter\HTTP\CLIRequest->parseCommand()
#2 C:\xampp\htdocs\toko-api-main\system\Config\Services.php(123): CodeIgniter\HTTP\CLIRequest->__construct(Object(Config\App))
#3 C:\xampp\htdocs\toko-api-main\system\Config\BaseService.php(248): CodeIgniter\Config\Services::clirequest(Object(Config\App), false)
#4 C:\xampp\htdocs\toko-api-main\system\Config\BaseService.php(189): CodeIgniter\Config\BaseService::__callStatic('clirequest', Array)
#5 C:\xampp\htdocs\toko-api-main\system\Config\Services.php(118): CodeIgniter\Config\BaseService::getSharedInstance('clirequest', Object(Config\App))
#6 C:\xampp\htdocs\toko-api-main\system\Config\BaseService.php(248): CodeIgniter\Config\Services::clirequest(Object(Config\App))
#7 C:\xampp\htdocs\toko-api-main\system\CodeIgniter.php(527): CodeIgniter\Config\BaseService::__callStatic('clirequest', Array)
#8 C:\xampp\htdocs\toko-api-main\system\CodeIgniter.php(292): CodeIgniter\CodeIgniter->getRequestObject()
#9 C:\xampp\htdocs\toko-api-main\system\CLI\Console.php(48): CodeIgniter\CodeIgniter->run()
#10 C:\xampp\htdocs\toko-api-main\spark(63): CodeIgniter\CLI\Console->run()
#11 {main}
CRITICAL - 2024-05-15 23:45:18 --> Constant FILTER_SANITIZE_STRING is deprecated
#0 C:\xampp\htdocs\toko-api-main\system\HTTP\CLIRequest.php(175): CodeIgniter\Debug\Exceptions->errorHandler(8192, 'Constant FILTER...', 'C:\\xampp\\htdocs...', 175)
#1 C:\xampp\htdocs\toko-api-main\system\HTTP\CLIRequest.php(67): CodeIgniter\HTTP\CLIRequest->parseCommand()
#2 C:\xampp\htdocs\toko-api-main\system\Config\Services.php(123): CodeIgniter\HTTP\CLIRequest->__construct(Object(Config\App))
#3 C:\xampp\htdocs\toko-api-main\system\Config\BaseService.php(248): CodeIgniter\Config\Services::clirequest(Object(Config\App), false)
#4 C:\xampp\htdocs\toko-api-main\system\Config\BaseService.php(189): CodeIgniter\Config\BaseService::__callStatic('clirequest', Array)
#5 C:\xampp\htdocs\toko-api-main\system\Config\Services.php(118): CodeIgniter\Config\BaseService::getSharedInstance('clirequest', Object(Config\App))
#6 C:\xampp\htdocs\toko-api-main\system\Config\BaseService.php(248): CodeIgniter\Config\Services::clirequest(Object(Config\App))
#7 C:\xampp\htdocs\toko-api-main\system\CodeIgniter.php(527): CodeIgniter\Config\BaseService::__callStatic('clirequest', Array)
#8 C:\xampp\htdocs\toko-api-main\system\CodeIgniter.php(292): CodeIgniter\CodeIgniter->getRequestObject()
#9 C:\xampp\htdocs\toko-api-main\system\CLI\Console.php(48): CodeIgniter\CodeIgniter->run()
#10 C:\xampp\htdocs\toko-api-main\spark(63): CodeIgniter\CLI\Console->run()
#11 {main}
